Using pre-set license
Built from '2020.3/staging' branch; Version is '2020.3.21f1 (a38c86f6690f) revision 10718342'; Using compiler version '192528614'; Build Type 'Release'
OS: 'Windows 10 Home; OS build 19044.1415; Version 2009; 64bit' Language: 'en' Physical Memory: 16239 MB
BatchMode: 1, IsHumanControllingUs: 0, StartBugReporterOnCrash: 0, Is64bit: 1, IsPro: 0

COMMAND LINE ARGUMENTS:
C:\Program Files\Unity\Hub\Editor\2020.3.21f1\Editor\Unity.exe
-adb2
-batchMode
-noUpm
-name
AssetImportWorker0
-projectPath
C:/Users/Thalia/DATT_3300/DATT3300_FinalProject
-logFile
Logs/AssetImportWorker0.log
-srvPort
51200
Successfully changed project path to: C:/Users/Thalia/DATT_3300/DATT3300_FinalProject
C:/Users/Thalia/DATT_3300/DATT3300_FinalProject
Using Asset Import Pipeline V2.
Refreshing native plugins compatible for Editor in 71.32 ms, found 2 plugins.
Preloading 0 native plugins for Editor in 0.00 ms.
Initialize engine version: 2020.3.21f1 (a38c86f6690f)
[Subsystems] Discovering subsystems at path C:/Program Files/Unity/Hub/Editor/2020.3.21f1/Editor/Data/Resources/UnitySubsystems
[Subsystems] Discovering subsystems at path C:/Users/Thalia/DATT_3300/DATT3300_FinalProject/Assets
GfxDevice: creating device client; threaded=0
Direct3D:
    Version:  Direct3D 11.0 [level 11.1]
    Renderer: Intel(R) HD Graphics 630 (ID=0x5912)
    Vendor:   
    VRAM:     8119 MB
    Driver:   27.20.100.8682
Initialize mono
Mono path[0] = 'C:/Program Files/Unity/Hub/Editor/2020.3.21f1/Editor/Data/Managed'
Mono path[1] = 'C:/Program Files/Unity/Hub/Editor/2020.3.21f1/Editor/Data/MonoBleedingEdge/lib/mono/unityjit'
Mono config path = 'C:/Program Files/Unity/Hub/Editor/2020.3.21f1/Editor/Data/MonoBleedingEdge/etc'
Using monoOptions --debugger-agent=transport=dt_socket,embedding=1,server=y,suspend=n,address=127.0.0.1:56188
Begin MonoManager ReloadAssembly
Registering precompiled unity dll's ...
Register platform support module: C:/Program Files/Unity/Hub/Editor/2020.3.21f1/Editor/Data/PlaybackEngines/WindowsStandaloneSupport/UnityEditor.WindowsStandalone.Extensions.dll
Registered in 0.001944 seconds.
Native extension for WindowsStandalone target not found
Refreshing native plugins compatible for Editor in 66.39 ms, found 2 plugins.
Preloading 0 native plugins for Editor in 0.00 ms.
Mono: successfully reloaded assembly
- Completed reload, in  0.958 seconds
Domain Reload Profiling:
	ReloadAssembly (958ms)
		BeginReloadAssembly (46ms)
			ExecutionOrderSort (0ms)
			DisableScriptedObjects (0ms)
			BackupInstance (0ms)
			ReleaseScriptingObjects (0ms)
			CreateAndSetChildDomain (1ms)
		EndReloadAssembly (387ms)
			LoadAssemblies (43ms)
			RebuildTransferFunctionScriptingTraits (0ms)
			SetupTypeCache (120ms)
			ReleaseScriptCaches (0ms)
			RebuildScriptCaches (23ms)
			SetupLoadedEditorAssemblies (166ms)
				LogAssemblyErrors (0ms)
				InitializePlatformSupportModulesInManaged (3ms)
				SetLoadedEditorAssemblies (0ms)
				RefreshPlugins (66ms)
				BeforeProcessingInitializeOnLoad (10ms)
				ProcessInitializeOnLoadAttributes (64ms)
				ProcessInitializeOnLoadMethodAttributes (22ms)
				AfterProcessingInitializeOnLoad (0ms)
				EditorAssembliesLoaded (0ms)
			ExecutionOrderSort2 (0ms)
			AwakeInstancesAfterBackupRestoration (0ms)
Platform modules already initialized, skipping
Registering precompiled user dll's ...
Registered in 0.005312 seconds.
Begin MonoManager ReloadAssembly
Native extension for WindowsStandalone target not found
Refreshing native plugins compatible for Editor in 68.53 ms, found 2 plugins.
Preloading 0 native plugins for Editor in 0.00 ms.
Mono: successfully reloaded assembly
- Completed reload, in  1.357 seconds
Domain Reload Profiling:
	ReloadAssembly (1358ms)
		BeginReloadAssembly (118ms)
			ExecutionOrderSort (0ms)
			DisableScriptedObjects (4ms)
			BackupInstance (0ms)
			ReleaseScriptingObjects (0ms)
			CreateAndSetChildDomain (15ms)
		EndReloadAssembly (1187ms)
			LoadAssemblies (81ms)
			RebuildTransferFunctionScriptingTraits (0ms)
			SetupTypeCache (284ms)
			ReleaseScriptCaches (1ms)
			RebuildScriptCaches (56ms)
			SetupLoadedEditorAssemblies (667ms)
				LogAssemblyErrors (0ms)
				InitializePlatformSupportModulesInManaged (3ms)
				SetLoadedEditorAssemblies (0ms)
				RefreshPlugins (69ms)
				BeforeProcessingInitializeOnLoad (87ms)
				ProcessInitializeOnLoadAttributes (494ms)
				ProcessInitializeOnLoadMethodAttributes (7ms)
				AfterProcessingInitializeOnLoad (7ms)
				EditorAssembliesLoaded (0ms)
			ExecutionOrderSort2 (0ms)
			AwakeInstancesAfterBackupRestoration (5ms)
Platform modules already initialized, skipping
========================================================================
Worker process is ready to serve import requests
Launched and connected shader compiler UnityShaderCompiler.exe after 0.03 seconds
Refreshing native plugins compatible for Editor in 0.72 ms, found 2 plugins.
Preloading 0 native plugins for Editor in 0.00 ms.
Unloading 3900 Unused Serialized files (Serialized files now loaded: 0)
System memory in use before: 196.6 MB.
System memory in use after: 196.7 MB.

Unloading 35 unused Assets to reduce memory usage. Loaded Objects now: 4374.
Total: 3.443000 ms (FindLiveObjects: 0.335700 ms CreateObjectMapping: 0.188000 ms MarkObjects: 2.689400 ms  DeleteObjects: 0.229200 ms)

AssetImportParameters requested are different than current active one (requested -> active):
  custom:framework-win-MediaFoundation: 216162199b28c13a410421893ffa2e32 -> 
  custom:video-decoder-ogg-theora: a1e56fd34408186e4bbccfd4996cb3dc -> 
  custom:container-muxer-webm: aa71ff27fc2769a1b78a27578f13a17b -> 
  custom:container-demuxer-webm: 4f35f7cbe854078d1ac9338744f61a02 -> 
  custom:container-demuxer-ogg: 62fdf1f143b41e24485cea50d1cbac27 -> 
  custom:video-encoder-webm-vp8: eb34c28f22e8b96e1ab97ce403110664 -> 
  custom:video-codec-MediaFoundation-h265: 746d11721c4dcdbdad8f713fa42b33f4 -> 
  custom:video-decoder-webm-vp8: 9c59270c3fd7afecdb556c50c9e8de78 -> 
  custom:audio-decoder-ogg-vorbis: bf7c407c2cedff20999df2af8eb42d56 -> 
  custom:audio-encoder-webm-vorbis: bf7c407c2cedff20999df2af8eb42d56 -> 
========================================================================
Received Import Request.
  path: Assets/ExternalAssets/Polytope Studio/Lowpoly Medieval Props
  artifactKey: Guid(618caa9c8ca342747b9335dd0d23dfd2) Importer(815301076,1909f56bfc062723c751e8b465ee728b)
Start importing Assets/ExternalAssets/Polytope Studio/Lowpoly Medieval Props using Guid(618caa9c8ca342747b9335dd0d23dfd2) Importer(815301076,1909f56bfc062723c751e8b465ee728b)  -> (artifact id: 'aab0d1521e0fac9e28c2df1fa96f8e4f') in 0.006118 seconds 
  Import took 0.013641 seconds .

========================================================================
Received Import Request.
  Time since last request: 0.000300 seconds.
  path: Assets/ExternalAssets/Polytope Studio/Lowpoly Medieval Environments
  artifactKey: Guid(b337bb17784c3024ebf65aeb111def31) Importer(815301076,1909f56bfc062723c751e8b465ee728b)
Start importing Assets/ExternalAssets/Polytope Studio/Lowpoly Medieval Environments using Guid(b337bb17784c3024ebf65aeb111def31) Importer(815301076,1909f56bfc062723c751e8b465ee728b)  -> (artifact id: 'fa447a108beb27e4b9b4764ec555ba44') in 0.002776 seconds 
  Import took 0.007774 seconds .

========================================================================
Received Import Request.
  Time since last request: 0.000353 seconds.
  path: Assets/ExternalAssets/Polytope Studio/Lowpoly Medieval Characters
  artifactKey: Guid(79f5fefd1796a754abaa87773715e001) Importer(815301076,1909f56bfc062723c751e8b465ee728b)
Start importing Assets/ExternalAssets/Polytope Studio/Lowpoly Medieval Characters using Guid(79f5fefd1796a754abaa87773715e001) Importer(815301076,1909f56bfc062723c751e8b465ee728b)  -> (artifact id: '5457a42d030be437cedf07aa05d54c2a') in 0.003306 seconds 
  Import took 0.010188 seconds .

========================================================================
Received Import Request.
  Time since last request: 1.479410 seconds.
  path: Assets/ExternalAssets/Polytope Studio/Lowpoly Medieval Props/Prefabs
  artifactKey: Guid(2e463e44d0326e34ebcb3e8607e3495b) Importer(815301076,1909f56bfc062723c751e8b465ee728b)
Start importing Assets/ExternalAssets/Polytope Studio/Lowpoly Medieval Props/Prefabs using Guid(2e463e44d0326e34ebcb3e8607e3495b) Importer(815301076,1909f56bfc062723c751e8b465ee728b)  -> (artifact id: '91b74661b7cfd6b401d7ec27864d08df') in 0.003561 seconds 
  Import took 0.011162 seconds .

========================================================================
Received Import Request.
  Time since last request: 0.080292 seconds.
  path: Assets/ExternalAssets/Polytope Studio/Lowpoly Medieval Props/Prefabs/PT_Medieval_Hayfork_01.prefab
  artifactKey: Guid(b4d0f82eedb95f543ab0961de54f43fd) Importer(815301076,1909f56bfc062723c751e8b465ee728b)
Start importing Assets/ExternalAssets/Polytope Studio/Lowpoly Medieval Props/Prefabs/PT_Medieval_Hayfork_01.prefab using Guid(b4d0f82eedb95f543ab0961de54f43fd) Importer(815301076,1909f56bfc062723c751e8b465ee728b)  -> (artifact id: 'd91f6a64c0bf6eba6973102b7b6b1d34') in 0.072428 seconds 
  Import took 0.078231 seconds .

========================================================================
Received Import Request.
  Time since last request: 4.238612 seconds.
  path: Assets/ExternalAssets/Polytope Studio/Lowpoly Medieval Environments/Sources
  artifactKey: Guid(74c06d2d589498c43affeba32fcacd7b) Importer(815301076,1909f56bfc062723c751e8b465ee728b)
Start importing Assets/ExternalAssets/Polytope Studio/Lowpoly Medieval Environments/Sources using Guid(74c06d2d589498c43affeba32fcacd7b) Importer(815301076,1909f56bfc062723c751e8b465ee728b)  -> (artifact id: 'ad1f0914fe464cd2c3128df9026335b6') in 0.004072 seconds 
  Import took 0.018350 seconds .

========================================================================
Received Import Request.
  Time since last request: 0.880222 seconds.
  path: Assets/ExternalAssets/Polytope Studio/Lowpoly Medieval Environments/Sources/Textures
  artifactKey: Guid(2094136f47c708142bd6dc05b836c559) Importer(815301076,1909f56bfc062723c751e8b465ee728b)
Start importing Assets/ExternalAssets/Polytope Studio/Lowpoly Medieval Environments/Sources/Textures using Guid(2094136f47c708142bd6dc05b836c559) Importer(815301076,1909f56bfc062723c751e8b465ee728b)  -> (artifact id: '7ac9c551f3aff1b5d4895d9b851e6437') in 0.004431 seconds 
  Import took 0.014642 seconds .

========================================================================
Received Import Request.
  Time since last request: 0.062670 seconds.
  path: Assets/ExternalAssets/Polytope Studio/Lowpoly Medieval Environments/Sources/Textures/PT_Medieval_texture.tga
  artifactKey: Guid(a328ef499f807304098fa10a639db73a) Importer(815301076,1909f56bfc062723c751e8b465ee728b)
Start importing Assets/ExternalAssets/Polytope Studio/Lowpoly Medieval Environments/Sources/Textures/PT_Medieval_texture.tga using Guid(a328ef499f807304098fa10a639db73a) Importer(815301076,1909f56bfc062723c751e8b465ee728b)  -> (artifact id: '23f9d9d89acb0f4bbf366392c55e6d1f') in 0.028542 seconds 
  Import took 0.034689 seconds .

========================================================================
Received Import Request.
  Time since last request: 4.585043 seconds.
  path: Assets/ExternalAssets/Polytope Studio/Lowpoly Medieval Characters/Prefabs
  artifactKey: Guid(ca66de57050570047be2ef7e739f473a) Importer(815301076,1909f56bfc062723c751e8b465ee728b)
Start importing Assets/ExternalAssets/Polytope Studio/Lowpoly Medieval Characters/Prefabs using Guid(ca66de57050570047be2ef7e739f473a) Importer(815301076,1909f56bfc062723c751e8b465ee728b)  -> (artifact id: 'a5e28fc77db8ec2ea86d53cc9e647eed') in 0.004432 seconds 
  Import took 0.012420 seconds .

========================================================================
Received Import Request.
  Time since last request: 1.388367 seconds.
  path: Assets/ExternalAssets/Polytope Studio/Lowpoly Medieval Characters/Prefabs/Modular_NPC
  artifactKey: Guid(900880dcd739a4e4e995b8cbd75ef7a4) Importer(815301076,1909f56bfc062723c751e8b465ee728b)
Start importing Assets/ExternalAssets/Polytope Studio/Lowpoly Medieval Characters/Prefabs/Modular_NPC using Guid(900880dcd739a4e4e995b8cbd75ef7a4) Importer(815301076,1909f56bfc062723c751e8b465ee728b)  -> (artifact id: '538f20db76d5f055829349c22be0dd99') in 0.004901 seconds 
  Import took 0.018528 seconds .

========================================================================
Received Import Request.
  Time since last request: 0.862507 seconds.
  path: Assets/ExternalAssets/Polytope Studio/Lowpoly Medieval Characters/Prefabs/Modular_NPC/Peasants_Citizens
  artifactKey: Guid(02ad1a7db24f47a4db80fef199c42a59) Importer(815301076,1909f56bfc062723c751e8b465ee728b)
Start importing Assets/ExternalAssets/Polytope Studio/Lowpoly Medieval Characters/Prefabs/Modular_NPC/Peasants_Citizens using Guid(02ad1a7db24f47a4db80fef199c42a59) Importer(815301076,1909f56bfc062723c751e8b465ee728b)  -> (artifact id: '133acff9c7ae807d6df802e22b12e54a') in 0.004957 seconds 
  Import took 0.014950 seconds .

========================================================================
Received Import Request.
  Time since last request: 0.907034 seconds.
  path: Assets/ExternalAssets/Polytope Studio/Lowpoly Medieval Characters/Prefabs/Modular_NPC/Peasants_Citizens/Sets
  artifactKey: Guid(841c2632c92bab24898e58b74e0d2371) Importer(815301076,1909f56bfc062723c751e8b465ee728b)
Start importing Assets/ExternalAssets/Polytope Studio/Lowpoly Medieval Characters/Prefabs/Modular_NPC/Peasants_Citizens/Sets using Guid(841c2632c92bab24898e58b74e0d2371) Importer(815301076,1909f56bfc062723c751e8b465ee728b)  -> (artifact id: '7bb7baf019b3c9eefc71a708fe3b5af6') in 0.004619 seconds 
  Import took 0.018235 seconds .

========================================================================
Received Import Request.
  Time since last request: 0.064653 seconds.
  path: Assets/ExternalAssets/Polytope Studio/Lowpoly Medieval Characters/Prefabs/Modular_NPC/Peasants_Citizens/Sets/PT_Medieval_Boy_Peasant_01.prefab
  artifactKey: Guid(2b56fc50dbd0b6d42953bc45b0f0622d) Importer(815301076,1909f56bfc062723c751e8b465ee728b)
Start importing Assets/ExternalAssets/Polytope Studio/Lowpoly Medieval Characters/Prefabs/Modular_NPC/Peasants_Citizens/Sets/PT_Medieval_Boy_Peasant_01.prefab using Guid(2b56fc50dbd0b6d42953bc45b0f0622d) Importer(815301076,1909f56bfc062723c751e8b465ee728b)  -> (artifact id: 'a491731b5fe607342c0c123144ad9dd1') in 0.294426 seconds 
  Import took 0.303356 seconds .

========================================================================
Received Import Request.
  Time since last request: 0.000296 seconds.
  path: Assets/ExternalAssets/Polytope Studio/Lowpoly Medieval Characters/Prefabs/Modular_NPC/Peasants_Citizens/Sets/PT_Medieval_Female_Peasant_01_a.prefab
  artifactKey: Guid(25b8deb3033e5314a94c9c75eed29dcf) Importer(815301076,1909f56bfc062723c751e8b465ee728b)
Start importing Assets/ExternalAssets/Polytope Studio/Lowpoly Medieval Characters/Prefabs/Modular_NPC/Peasants_Citizens/Sets/PT_Medieval_Female_Peasant_01_a.prefab using Guid(25b8deb3033e5314a94c9c75eed29dcf) Importer(815301076,1909f56bfc062723c751e8b465ee728b)  -> (artifact id: 'fc55f77aed99448194a4669c2f55280a') in 0.023172 seconds 
  Import took 0.031199 seconds .

========================================================================
Received Import Request.
  Time since last request: 0.000487 seconds.
  path: Assets/ExternalAssets/Polytope Studio/Lowpoly Medieval Characters/Prefabs/Modular_NPC/Peasants_Citizens/Sets/PT_Medieval_Female_Peasant_01_b.prefab
  artifactKey: Guid(bc29bbb29749f824285ece7b3ecb5362) Importer(815301076,1909f56bfc062723c751e8b465ee728b)
Start importing Assets/ExternalAssets/Polytope Studio/Lowpoly Medieval Characters/Prefabs/Modular_NPC/Peasants_Citizens/Sets/PT_Medieval_Female_Peasant_01_b.prefab using Guid(bc29bbb29749f824285ece7b3ecb5362) Importer(815301076,1909f56bfc062723c751e8b465ee728b)  -> (artifact id: 'a37aa996daf1349a3c826333d547b8dc') in 0.020003 seconds 
  Import took 0.029739 seconds .

========================================================================
Received Import Request.
  Time since last request: 0.000342 seconds.
  path: Assets/ExternalAssets/Polytope Studio/Lowpoly Medieval Characters/Prefabs/Modular_NPC/Peasants_Citizens/Sets/PT_Medieval_Male_Peasant_01.prefab
  artifactKey: Guid(c2af11c01d1176e4d98619176b00d199) Importer(815301076,1909f56bfc062723c751e8b465ee728b)
Start importing Assets/ExternalAssets/Polytope Studio/Lowpoly Medieval Characters/Prefabs/Modular_NPC/Peasants_Citizens/Sets/PT_Medieval_Male_Peasant_01.prefab using Guid(c2af11c01d1176e4d98619176b00d199) Importer(815301076,1909f56bfc062723c751e8b465ee728b)  -> (artifact id: 'edb1f1e165bbcc2aa24ed3d922e5dae3') in 0.021608 seconds 
  Import took 0.031460 seconds .

========================================================================
Received Import Request.
  Time since last request: 79.223153 seconds.
  path: Assets/ExternalAssets/Polytope Studio/Lowpoly Medieval Characters/Sources/Modular_NPC/Shaders/PT_Medieval_Modular_NPC_Shader_PBR.shader
  artifactKey: Guid(5fdb92501eac48d4a87329098a14e790) Importer(815301076,1909f56bfc062723c751e8b465ee728b)
Start importing Assets/ExternalAssets/Polytope Studio/Lowpoly Medieval Characters/Sources/Modular_NPC/Shaders/PT_Medieval_Modular_NPC_Shader_PBR.shader using Guid(5fdb92501eac48d4a87329098a14e790) Importer(815301076,1909f56bfc062723c751e8b465ee728b)  -> (artifact id: '226adc809a39be63daf1859f49a1602a') in 0.004437 seconds 
  Import took 0.011294 seconds .

========================================================================
Received Import Request.
  Time since last request: 48.654984 seconds.
  path: Assets/ExternalAssets/Polytope Studio/Lowpoly Medieval Characters/Sources/Modular_NPC
  artifactKey: Guid(f78c3169b0745ff47bca9cc5874e6884) Importer(815301076,1909f56bfc062723c751e8b465ee728b)
Start importing Assets/ExternalAssets/Polytope Studio/Lowpoly Medieval Characters/Sources/Modular_NPC using Guid(f78c3169b0745ff47bca9cc5874e6884) Importer(815301076,1909f56bfc062723c751e8b465ee728b)  -> (artifact id: '0c4d4142ea6ceac3552ba1af55e223bc') in 0.003144 seconds 
  Import took 0.014901 seconds .

========================================================================
Received Import Request.
  Time since last request: 0.911935 seconds.
  path: Assets/ExternalAssets/Polytope Studio/Lowpoly Medieval Characters/Sources/Modular_NPC/Textures
  artifactKey: Guid(d7cd7c214e818094399826bb9fd2909a) Importer(815301076,1909f56bfc062723c751e8b465ee728b)
Start importing Assets/ExternalAssets/Polytope Studio/Lowpoly Medieval Characters/Sources/Modular_NPC/Textures using Guid(d7cd7c214e818094399826bb9fd2909a) Importer(815301076,1909f56bfc062723c751e8b465ee728b)  -> (artifact id: 'cee6eb51c28b4c6c93459068cb7d84e6') in 0.003216 seconds 
  Import took 0.018866 seconds .

========================================================================
Received Import Request.
  Time since last request: 106.211264 seconds.
  path: Assets/ExternalAssets/Polytope Studio/Lowpoly Medieval Characters/Sources/Modular_NPC/Shaders/PT_Medieval_Modular_NPC_Shader_PBR 1.shader
  artifactKey: Guid(d6ece42b4c48cbf448380f8c74b5b8c3) Importer(815301076,1909f56bfc062723c751e8b465ee728b)
Start importing Assets/ExternalAssets/Polytope Studio/Lowpoly Medieval Characters/Sources/Modular_NPC/Shaders/PT_Medieval_Modular_NPC_Shader_PBR 1.shader using Guid(d6ece42b4c48cbf448380f8c74b5b8c3) Importer(815301076,1909f56bfc062723c751e8b465ee728b)  -> (artifact id: 'd7d6180de548bf6dc68a44551cef7414') in 0.005588 seconds 
  Import took 0.014722 seconds .

========================================================================
Received Import Request.
  Time since last request: 9.714823 seconds.
  path: Assets/ExternalAssets/Polytope Studio/Lowpoly Medieval Characters/Sources/Modular_NPC/Shaders/PT_Medieval_Modular_NPC_Shader_PBR_2.shader
  artifactKey: Guid(d6ece42b4c48cbf448380f8c74b5b8c3) Importer(815301076,1909f56bfc062723c751e8b465ee728b)
Start importing Assets/ExternalAssets/Polytope Studio/Lowpoly Medieval Characters/Sources/Modular_NPC/Shaders/PT_Medieval_Modular_NPC_Shader_PBR_2.shader using Guid(d6ece42b4c48cbf448380f8c74b5b8c3) Importer(815301076,1909f56bfc062723c751e8b465ee728b)  -> (artifact id: '9678ebbc32f379845b228c7ca012df74') in 0.006702 seconds 
  Import took 0.014732 seconds .

========================================================================
Received Import Request.
  Time since last request: 145.941174 seconds.
  path: Assets/ExternalAssets/Polytope Studio
  artifactKey: Guid(09e527e205651c940aaa38f9c7b84f0b) Importer(815301076,1909f56bfc062723c751e8b465ee728b)
Start importing Assets/ExternalAssets/Polytope Studio using Guid(09e527e205651c940aaa38f9c7b84f0b) Importer(815301076,1909f56bfc062723c751e8b465ee728b)  -> (artifact id: '5c0289175c4efd307cb0901d60467776') in 0.004758 seconds 
  Import took 0.013057 seconds .

========================================================================
Received Import Request.
  Time since last request: 3.651784 seconds.
  path: Assets/ExternalAssets/Polytope Studio/Lowpoly Medieval Characters/Animations
  artifactKey: Guid(a0ce9edd21538654b86548a0ed55fd9d) Importer(815301076,1909f56bfc062723c751e8b465ee728b)
Start importing Assets/ExternalAssets/Polytope Studio/Lowpoly Medieval Characters/Animations using Guid(a0ce9edd21538654b86548a0ed55fd9d) Importer(815301076,1909f56bfc062723c751e8b465ee728b)  -> (artifact id: '173a0fe1dbf021bf77df08371afdb119') in 0.003396 seconds 
  Import took 0.018391 seconds .

========================================================================
Received Import Request.
  Time since last request: 0.925178 seconds.
  path: Assets/ExternalAssets/Polytope Studio/Lowpoly Medieval Characters/Animations/Anim_controllers
  artifactKey: Guid(8d3b85befb447db45b1905d36aba88d9) Importer(815301076,1909f56bfc062723c751e8b465ee728b)
Start importing Assets/ExternalAssets/Polytope Studio/Lowpoly Medieval Characters/Animations/Anim_controllers using Guid(8d3b85befb447db45b1905d36aba88d9) Importer(815301076,1909f56bfc062723c751e8b465ee728b)  -> (artifact id: '0880129f13d0e3598b817f31221ee39b') in 0.004018 seconds 
  Import took 0.013957 seconds .

========================================================================
Received Import Request.
  Time since last request: 0.849738 seconds.
  path: Assets/ExternalAssets/Polytope Studio/Lowpoly Medieval Characters/Animations/Anim_controllers/PT_Medieval_Peasants_Animator Controller.controller
  artifactKey: Guid(ab4e82197f44b9148af2327eaaa38b64) Importer(815301076,1909f56bfc062723c751e8b465ee728b)
Start importing Assets/ExternalAssets/Polytope Studio/Lowpoly Medieval Characters/Animations/Anim_controllers/PT_Medieval_Peasants_Animator Controller.controller using Guid(ab4e82197f44b9148af2327eaaa38b64) Importer(815301076,1909f56bfc062723c751e8b465ee728b)  -> (artifact id: '98f334f62fb6cdcda5294bcdab1611d5') in 0.008813 seconds 
  Import took 0.022270 seconds .

========================================================================
Received Prepare
Registering precompiled user dll's ...
Registered in 0.005490 seconds.
Begin MonoManager ReloadAssembly
Native extension for WindowsStandalone target not found
Refreshing native plugins compatible for Editor in 0.75 ms, found 2 plugins.
Preloading 0 native plugins for Editor in 0.00 ms.
Mono: successfully reloaded assembly
- Completed reload, in  1.228 seconds
Domain Reload Profiling:
	ReloadAssembly (1229ms)
		BeginReloadAssembly (122ms)
			ExecutionOrderSort (0ms)
			DisableScriptedObjects (3ms)
			BackupInstance (0ms)
			ReleaseScriptingObjects (0ms)
			CreateAndSetChildDomain (37ms)
		EndReloadAssembly (1052ms)
			LoadAssemblies (82ms)
			RebuildTransferFunctionScriptingTraits (0ms)
			SetupTypeCache (276ms)
			ReleaseScriptCaches (1ms)
			RebuildScriptCaches (40ms)
			SetupLoadedEditorAssemblies (567ms)
				LogAssemblyErrors (0ms)
				InitializePlatformSupportModulesInManaged (3ms)
				SetLoadedEditorAssemblies (0ms)
				RefreshPlugins (1ms)
				BeforeProcessingInitializeOnLoad (89ms)
				ProcessInitializeOnLoadAttributes (459ms)
				ProcessInitializeOnLoadMethodAttributes (7ms)
				AfterProcessingInitializeOnLoad (7ms)
				EditorAssembliesLoaded (0ms)
			ExecutionOrderSort2 (0ms)
			AwakeInstancesAfterBackupRestoration (5ms)
Platform modules already initialized, skipping
Refreshing native plugins compatible for Editor in 0.74 ms, found 2 plugins.
Preloading 0 native plugins for Editor in 0.00 ms.
Unloading 3758 Unused Serialized files (Serialized files now loaded: 0)
System memory in use before: 200.2 MB.
System memory in use after: 200.3 MB.

Unloading 18 unused Assets to reduce memory usage. Loaded Objects now: 4385.
Total: 3.411100 ms (FindLiveObjects: 0.331800 ms CreateObjectMapping: 0.183000 ms MarkObjects: 2.698000 ms  DeleteObjects: 0.197400 ms)

AssetImportParameters requested are different than current active one (requested -> active):
  custom:framework-win-MediaFoundation: 216162199b28c13a410421893ffa2e32 -> 
  custom:video-decoder-ogg-theora: a1e56fd34408186e4bbccfd4996cb3dc -> 
  custom:container-muxer-webm: aa71ff27fc2769a1b78a27578f13a17b -> 
  custom:container-demuxer-webm: 4f35f7cbe854078d1ac9338744f61a02 -> 
  custom:container-demuxer-ogg: 62fdf1f143b41e24485cea50d1cbac27 -> 
  custom:video-encoder-webm-vp8: eb34c28f22e8b96e1ab97ce403110664 -> 
  custom:video-codec-MediaFoundation-h265: 746d11721c4dcdbdad8f713fa42b33f4 -> 
  custom:video-decoder-webm-vp8: 9c59270c3fd7afecdb556c50c9e8de78 -> 
  custom:audio-decoder-ogg-vorbis: bf7c407c2cedff20999df2af8eb42d56 -> 
  custom:audio-encoder-webm-vorbis: bf7c407c2cedff20999df2af8eb42d56 -> 
========================================================================
Received Import Request.
  Time since last request: 222.099794 seconds.
  path: Assets/ExternalAssets/Polytope Studio/Lowpoly Medieval Characters/Prefabs/Modular_NPC/Peasants_Citizens/Sets/PT_Medieval_Female_Peasant_01_a.prefab
  artifactKey: Guid(25b8deb3033e5314a94c9c75eed29dcf) Importer(815301076,1909f56bfc062723c751e8b465ee728b)
Start importing Assets/ExternalAssets/Polytope Studio/Lowpoly Medieval Characters/Prefabs/Modular_NPC/Peasants_Citizens/Sets/PT_Medieval_Female_Peasant_01_a.prefab using Guid(25b8deb3033e5314a94c9c75eed29dcf) Importer(815301076,1909f56bfc062723c751e8b465ee728b)  -> (artifact id: '16d9f70b699f84a01ce68c2c705a1fde') in 0.069725 seconds 
  Import took 0.076174 seconds .

========================================================================
Received Import Request.
  Time since last request: 3.847089 seconds.
  path: Assets/ExternalAssets/Polytope Studio/Lowpoly Medieval Characters/Prefabs/Modular_NPC/Peasants_Citizens/Sets/PT_Medieval_Female_Peasant_01_b.prefab
  artifactKey: Guid(bc29bbb29749f824285ece7b3ecb5362) Importer(815301076,1909f56bfc062723c751e8b465ee728b)
Start importing Assets/ExternalAssets/Polytope Studio/Lowpoly Medieval Characters/Prefabs/Modular_NPC/Peasants_Citizens/Sets/PT_Medieval_Female_Peasant_01_b.prefab using Guid(bc29bbb29749f824285ece7b3ecb5362) Importer(815301076,1909f56bfc062723c751e8b465ee728b)  -> (artifact id: '4a5e4b05cb2c2d11a0d86fb272be04cd') in 0.019135 seconds 
  Import took 0.027187 seconds .

========================================================================
Received Import Request.
  Time since last request: 2.861085 seconds.
  path: Assets/ExternalAssets/Polytope Studio/Lowpoly Medieval Characters/Prefabs/Modular_NPC/Peasants_Citizens/Sets/PT_Medieval_Male_Peasant_01.prefab
  artifactKey: Guid(c2af11c01d1176e4d98619176b00d199) Importer(815301076,1909f56bfc062723c751e8b465ee728b)
Start importing Assets/ExternalAssets/Polytope Studio/Lowpoly Medieval Characters/Prefabs/Modular_NPC/Peasants_Citizens/Sets/PT_Medieval_Male_Peasant_01.prefab using Guid(c2af11c01d1176e4d98619176b00d199) Importer(815301076,1909f56bfc062723c751e8b465ee728b)  -> (artifact id: 'e5cc00db458f85c5b0ed401011c73052') in 0.020221 seconds 
  Import took 0.028271 seconds .

========================================================================
Received Import Request.
  Time since last request: 3.258453 seconds.
  path: Assets/ExternalAssets/Polytope Studio/Lowpoly Medieval Characters/Prefabs/Modular_NPC/Peasants_Citizens/Sets/PT_Medieval_Boy_Peasant_01.prefab
  artifactKey: Guid(2b56fc50dbd0b6d42953bc45b0f0622d) Importer(815301076,1909f56bfc062723c751e8b465ee728b)
Start importing Assets/ExternalAssets/Polytope Studio/Lowpoly Medieval Characters/Prefabs/Modular_NPC/Peasants_Citizens/Sets/PT_Medieval_Boy_Peasant_01.prefab using Guid(2b56fc50dbd0b6d42953bc45b0f0622d) Importer(815301076,1909f56bfc062723c751e8b465ee728b)  -> (artifact id: 'e5025c878f7c810b7200273d6e00f9bb') in 0.019013 seconds 
  Import took 0.029036 seconds .

========================================================================
Received Import Request.
  Time since last request: 27.123423 seconds.
  path: Assets/ExternalAssets/Polytope Studio/Lowpoly Medieval Characters/Sources/Modular_NPC/Materials/PT_Medieval_Modular_NPC_Material 1.mat
  artifactKey: Guid(5ee7dd376ce5cff40b7a6837dfef5504) Importer(815301076,1909f56bfc062723c751e8b465ee728b)
Start importing Assets/ExternalAssets/Polytope Studio/Lowpoly Medieval Characters/Sources/Modular_NPC/Materials/PT_Medieval_Modular_NPC_Material 1.mat using Guid(5ee7dd376ce5cff40b7a6837dfef5504) Importer(815301076,1909f56bfc062723c751e8b465ee728b)  -> (artifact id: 'e956b02670d0260d22fd02372f8e7b65') in 0.033819 seconds 
  Import took 0.040539 seconds .

========================================================================
Received Import Request.
  Time since last request: 0.000328 seconds.
  path: Assets/ExternalAssets/Polytope Studio/Lowpoly Medieval Characters/Sources/Modular_NPC/Materials/PT_Medieval_Modular_NPC_Material.mat
  artifactKey: Guid(c79855c6f54ed954293d041acc3120a8) Importer(815301076,1909f56bfc062723c751e8b465ee728b)
Start importing Assets/ExternalAssets/Polytope Studio/Lowpoly Medieval Characters/Sources/Modular_NPC/Materials/PT_Medieval_Modular_NPC_Material.mat using Guid(c79855c6f54ed954293d041acc3120a8) Importer(815301076,1909f56bfc062723c751e8b465ee728b)  -> (artifact id: '5e7419b197b24cb9fef3a5daa6973d7e') in 0.027612 seconds 
  Import took 0.034019 seconds .

========================================================================
Received Import Request.
  Time since last request: 8.836344 seconds.
  path: Assets/ExternalAssets/Polytope Studio/Lowpoly Medieval Characters/Sources/Modular_NPC/Materials/PT_Medieval_Modular_NPC_Material_2.mat
  artifactKey: Guid(5ee7dd376ce5cff40b7a6837dfef5504) Importer(815301076,1909f56bfc062723c751e8b465ee728b)
Start importing Assets/ExternalAssets/Polytope Studio/Lowpoly Medieval Characters/Sources/Modular_NPC/Materials/PT_Medieval_Modular_NPC_Material_2.mat using Guid(5ee7dd376ce5cff40b7a6837dfef5504) Importer(815301076,1909f56bfc062723c751e8b465ee728b)  -> (artifact id: '61bb4e8ce1ed907ef0a5ec75dc17907b') in 0.012110 seconds 
  Import took 0.026536 seconds .

========================================================================
Received Import Request.
  Time since last request: 6.688091 seconds.
  path: Assets/ExternalAssets/Polytope Studio/Lowpoly Medieval Characters/Sources/Modular_NPC/Materials/PT_Medieval_Modular_NPC_Material_1.mat
  artifactKey: Guid(c79855c6f54ed954293d041acc3120a8) Importer(815301076,1909f56bfc062723c751e8b465ee728b)
Start importing Assets/ExternalAssets/Polytope Studio/Lowpoly Medieval Characters/Sources/Modular_NPC/Materials/PT_Medieval_Modular_NPC_Material_1.mat using Guid(c79855c6f54ed954293d041acc3120a8) Importer(815301076,1909f56bfc062723c751e8b465ee728b)  -> (artifact id: '70387e930a64b473ac479e49a6e1f29b') in 0.011995 seconds 
  Import took 0.019845 seconds .

========================================================================
Received Import Request.
  Time since last request: 257.430806 seconds.
  path: Assets/ExternalAssets/Polytope Studio/Lowpoly Medieval Characters/Sources/Modular_NPC/Materials/PT_Medieval_Modular_NPC_Material_1.mat
  artifactKey: Guid(c79855c6f54ed954293d041acc3120a8) Importer(815301076,1909f56bfc062723c751e8b465ee728b)
Start importing Assets/ExternalAssets/Polytope Studio/Lowpoly Medieval Characters/Sources/Modular_NPC/Materials/PT_Medieval_Modular_NPC_Material_1.mat using Guid(c79855c6f54ed954293d041acc3120a8) Importer(815301076,1909f56bfc062723c751e8b465ee728b)  -> (artifact id: 'd6d2a72096d68cd28f978a8556066433') in 0.014883 seconds 
  Import took 0.023800 seconds .

========================================================================
Received Import Request.
  Time since last request: 0.000592 seconds.
  path: Assets/ExternalAssets/Polytope Studio/Lowpoly Medieval Characters/Sources/Modular_NPC/Materials/PT_Medieval_Modular_NPC_Material_2.mat
  artifactKey: Guid(5ee7dd376ce5cff40b7a6837dfef5504) Importer(815301076,1909f56bfc062723c751e8b465ee728b)
Start importing Assets/ExternalAssets/Polytope Studio/Lowpoly Medieval Characters/Sources/Modular_NPC/Materials/PT_Medieval_Modular_NPC_Material_2.mat using Guid(5ee7dd376ce5cff40b7a6837dfef5504) Importer(815301076,1909f56bfc062723c751e8b465ee728b)  -> (artifact id: '6cf596d0b5b47fb8f79d881e04aca70c') in 0.021549 seconds 
  Import took 0.030106 seconds .

========================================================================
Received Prepare
Registering precompiled user dll's ...
Registered in 0.005169 seconds.
Begin MonoManager ReloadAssembly
Native extension for WindowsStandalone target not found
Refreshing native plugins compatible for Editor in 0.74 ms, found 2 plugins.
Preloading 0 native plugins for Editor in 0.00 ms.
Mono: successfully reloaded assembly
- Completed reload, in  1.187 seconds
Domain Reload Profiling:
	ReloadAssembly (1188ms)
		BeginReloadAssembly (111ms)
			ExecutionOrderSort (0ms)
			DisableScriptedObjects (3ms)
			BackupInstance (0ms)
			ReleaseScriptingObjects (0ms)
			CreateAndSetChildDomain (35ms)
		EndReloadAssembly (1025ms)
			LoadAssemblies (79ms)
			RebuildTransferFunctionScriptingTraits (0ms)
			SetupTypeCache (271ms)
			ReleaseScriptCaches (1ms)
			RebuildScriptCaches (38ms)
			SetupLoadedEditorAssemblies (549ms)
				LogAssemblyErrors (0ms)
				InitializePlatformSupportModulesInManaged (3ms)
				SetLoadedEditorAssemblies (0ms)
				RefreshPlugins (1ms)
				BeforeProcessingInitializeOnLoad (88ms)
				ProcessInitializeOnLoadAttributes (442ms)
				ProcessInitializeOnLoadMethodAttributes (7ms)
				AfterProcessingInitializeOnLoad (7ms)
				EditorAssembliesLoaded (0ms)
			ExecutionOrderSort2 (0ms)
			AwakeInstancesAfterBackupRestoration (6ms)
Platform modules already initialized, skipping
Refreshing native plugins compatible for Editor in 0.74 ms, found 2 plugins.
Preloading 0 native plugins for Editor in 0.00 ms.
Unloading 3758 Unused Serialized files (Serialized files now loaded: 0)
System memory in use before: 200.5 MB.
System memory in use after: 200.6 MB.

Unloading 18 unused Assets to reduce memory usage. Loaded Objects now: 4421.
Total: 3.480300 ms (FindLiveObjects: 0.337800 ms CreateObjectMapping: 0.200500 ms MarkObjects: 2.734500 ms  DeleteObjects: 0.206600 ms)

AssetImportParameters requested are different than current active one (requested -> active):
  custom:framework-win-MediaFoundation: 216162199b28c13a410421893ffa2e32 -> 
  custom:video-decoder-ogg-theora: a1e56fd34408186e4bbccfd4996cb3dc -> 
  custom:container-muxer-webm: aa71ff27fc2769a1b78a27578f13a17b -> 
  custom:container-demuxer-webm: 4f35f7cbe854078d1ac9338744f61a02 -> 
  custom:container-demuxer-ogg: 62fdf1f143b41e24485cea50d1cbac27 -> 
  custom:video-encoder-webm-vp8: eb34c28f22e8b96e1ab97ce403110664 -> 
  custom:video-codec-MediaFoundation-h265: 746d11721c4dcdbdad8f713fa42b33f4 -> 
  custom:video-decoder-webm-vp8: 9c59270c3fd7afecdb556c50c9e8de78 -> 
  custom:audio-decoder-ogg-vorbis: bf7c407c2cedff20999df2af8eb42d56 -> 
  custom:audio-encoder-webm-vorbis: bf7c407c2cedff20999df2af8eb42d56 -> 
========================================================================
Received Import Request.
  Time since last request: 226.458661 seconds.
  path: Assets/ExternalAssets/Polytope Studio/Lowpoly Medieval Characters/Sources/Modular_NPC/Materials/PT_Medieval_Modular_NPC_Material_2 1.mat
  artifactKey: Guid(a115d6b2f6ffd7545bd1d44c693d98bd) Importer(815301076,1909f56bfc062723c751e8b465ee728b)
Start importing Assets/ExternalAssets/Polytope Studio/Lowpoly Medieval Characters/Sources/Modular_NPC/Materials/PT_Medieval_Modular_NPC_Material_2 1.mat using Guid(a115d6b2f6ffd7545bd1d44c693d98bd) Importer(815301076,1909f56bfc062723c751e8b465ee728b)  -> (artifact id: '9b59b71d2edf4b9d0de2180a49a1b112') in 0.082189 seconds 
  Import took 0.097312 seconds .

========================================================================
Received Import Request.
  Time since last request: 6.197844 seconds.
  path: Assets/ExternalAssets/Polytope Studio/Lowpoly Medieval Characters/Sources/Modular_NPC/Materials/PT_Medieval_Modular_NPC_Material_3.mat
  artifactKey: Guid(a115d6b2f6ffd7545bd1d44c693d98bd) Importer(815301076,1909f56bfc062723c751e8b465ee728b)
Start importing Assets/ExternalAssets/Polytope Studio/Lowpoly Medieval Characters/Sources/Modular_NPC/Materials/PT_Medieval_Modular_NPC_Material_3.mat using Guid(a115d6b2f6ffd7545bd1d44c693d98bd) Importer(815301076,1909f56bfc062723c751e8b465ee728b)  -> (artifact id: '41653e27b9a5a70ceb45a21d7284e0a9') in 0.011258 seconds 
  Import took 0.018594 seconds .

========================================================================
Received Prepare
Registering precompiled user dll's ...
Registered in 0.005268 seconds.
Begin MonoManager ReloadAssembly
Native extension for WindowsStandalone target not found
Refreshing native plugins compatible for Editor in 0.77 ms, found 2 plugins.
Preloading 0 native plugins for Editor in 0.00 ms.
Mono: successfully reloaded assembly
- Completed reload, in  1.245 seconds
Domain Reload Profiling:
	ReloadAssembly (1245ms)
		BeginReloadAssembly (123ms)
			ExecutionOrderSort (0ms)
			DisableScriptedObjects (4ms)
			BackupInstance (0ms)
			ReleaseScriptingObjects (0ms)
			CreateAndSetChildDomain (48ms)
		EndReloadAssembly (1067ms)
			LoadAssemblies (81ms)
			RebuildTransferFunctionScriptingTraits (0ms)
			SetupTypeCache (273ms)
			ReleaseScriptCaches (1ms)
			RebuildScriptCaches (38ms)
			SetupLoadedEditorAssemblies (584ms)
				LogAssemblyErrors (0ms)
				InitializePlatformSupportModulesInManaged (3ms)
				SetLoadedEditorAssemblies (0ms)
				RefreshPlugins (1ms)
				BeforeProcessingInitializeOnLoad (89ms)
				ProcessInitializeOnLoadAttributes (476ms)
				ProcessInitializeOnLoadMethodAttributes (7ms)
				AfterProcessingInitializeOnLoad (7ms)
				EditorAssembliesLoaded (0ms)
			ExecutionOrderSort2 (0ms)
			AwakeInstancesAfterBackupRestoration (5ms)
Platform modules already initialized, skipping
Refreshing native plugins compatible for Editor in 0.80 ms, found 2 plugins.
Preloading 0 native plugins for Editor in 0.00 ms.
Unloading 3759 Unused Serialized files (Serialized files now loaded: 0)
System memory in use before: 200.6 MB.
System memory in use after: 200.7 MB.

Unloading 18 unused Assets to reduce memory usage. Loaded Objects now: 4425.
Total: 3.503500 ms (FindLiveObjects: 0.339000 ms CreateObjectMapping: 0.171700 ms MarkObjects: 2.777400 ms  DeleteObjects: 0.213300 ms)

AssetImportParameters requested are different than current active one (requested -> active):
  custom:framework-win-MediaFoundation: 216162199b28c13a410421893ffa2e32 -> 
  custom:video-decoder-ogg-theora: a1e56fd34408186e4bbccfd4996cb3dc -> 
  custom:container-muxer-webm: aa71ff27fc2769a1b78a27578f13a17b -> 
  custom:container-demuxer-webm: 4f35f7cbe854078d1ac9338744f61a02 -> 
  custom:container-demuxer-ogg: 62fdf1f143b41e24485cea50d1cbac27 -> 
  custom:video-encoder-webm-vp8: eb34c28f22e8b96e1ab97ce403110664 -> 
  custom:video-codec-MediaFoundation-h265: 746d11721c4dcdbdad8f713fa42b33f4 -> 
  custom:video-decoder-webm-vp8: 9c59270c3fd7afecdb556c50c9e8de78 -> 
  custom:audio-decoder-ogg-vorbis: bf7c407c2cedff20999df2af8eb42d56 -> 
  custom:audio-encoder-webm-vorbis: bf7c407c2cedff20999df2af8eb42d56 -> 
========================================================================
Received Prepare
Registering precompiled user dll's ...
Registered in 0.005311 seconds.
Begin MonoManager ReloadAssembly
Native extension for WindowsStandalone target not found
Refreshing native plugins compatible for Editor in 0.74 ms, found 2 plugins.
Preloading 0 native plugins for Editor in 0.00 ms.
Mono: successfully reloaded assembly
- Completed reload, in  1.278 seconds
Domain Reload Profiling:
	ReloadAssembly (1278ms)
		BeginReloadAssembly (111ms)
			ExecutionOrderSort (0ms)
			DisableScriptedObjects (4ms)
			BackupInstance (0ms)
			ReleaseScriptingObjects (0ms)
			CreateAndSetChildDomain (36ms)
		EndReloadAssembly (1114ms)
			LoadAssemblies (81ms)
			RebuildTransferFunctionScriptingTraits (0ms)
			SetupTypeCache (317ms)
			ReleaseScriptCaches (1ms)
			RebuildScriptCaches (47ms)
			SetupLoadedEditorAssemblies (581ms)
				LogAssemblyErrors (0ms)
				InitializePlatformSupportModulesInManaged (3ms)
				SetLoadedEditorAssemblies (0ms)
				RefreshPlugins (1ms)
				BeforeProcessingInitializeOnLoad (104ms)
				ProcessInitializeOnLoadAttributes (458ms)
				ProcessInitializeOnLoadMethodAttributes (7ms)
				AfterProcessingInitializeOnLoad (7ms)
				EditorAssembliesLoaded (0ms)
			ExecutionOrderSort2 (0ms)
			AwakeInstancesAfterBackupRestoration (5ms)
Platform modules already initialized, skipping
Refreshing native plugins compatible for Editor in 0.79 ms, found 2 plugins.
Preloading 0 native plugins for Editor in 0.00 ms.
Unloading 3759 Unused Serialized files (Serialized files now loaded: 0)
System memory in use before: 200.6 MB.
System memory in use after: 200.7 MB.

Unloading 18 unused Assets to reduce memory usage. Loaded Objects now: 4427.
Total: 3.598000 ms (FindLiveObjects: 0.349300 ms CreateObjectMapping: 0.195800 ms MarkObjects: 2.822400 ms  DeleteObjects: 0.229600 ms)

AssetImportParameters requested are different than current active one (requested -> active):
  custom:framework-win-MediaFoundation: 216162199b28c13a410421893ffa2e32 -> 
  custom:video-decoder-ogg-theora: a1e56fd34408186e4bbccfd4996cb3dc -> 
  custom:container-muxer-webm: aa71ff27fc2769a1b78a27578f13a17b -> 
  custom:container-demuxer-webm: 4f35f7cbe854078d1ac9338744f61a02 -> 
  custom:container-demuxer-ogg: 62fdf1f143b41e24485cea50d1cbac27 -> 
  custom:video-encoder-webm-vp8: eb34c28f22e8b96e1ab97ce403110664 -> 
  custom:video-codec-MediaFoundation-h265: 746d11721c4dcdbdad8f713fa42b33f4 -> 
  custom:video-decoder-webm-vp8: 9c59270c3fd7afecdb556c50c9e8de78 -> 
  custom:audio-decoder-ogg-vorbis: bf7c407c2cedff20999df2af8eb42d56 -> 
  custom:audio-encoder-webm-vorbis: bf7c407c2cedff20999df2af8eb42d56 -> 
